<?xml version="1.0" encoding="UTF-8"?>
<!-- Generated by org.testng.reporters.JUnitReportReporter -->
<testsuite hostname="Ashutoshs-MacBook-Air.local" failures="0" tests="1" name="com.bookcart.tests.SearchTest" time="2.189" errors="0" timestamp="2025-05-30T18:42:37 IST" skipped="0">
  <testcase classname="com.bookcart.tests.SearchTest" name="searchHarryPotterBook" time="2.189"/>
</testsuite> <!-- com.bookcart.tests.SearchTest -->
